%!Adobe-FontList 1.22
%Locale:0x412

%BeginFont
Handler:DirectoryHandler
FontType:Invalid
OutlineFileName:/Users/kimji/Downloads/Home Folder/Document fonts/AdobeFnt22.lst
FileLength:3746
FileModTime:658555786
%EndFont

%BeginFont
Handler:DirectoryHandler
FontType:Type1
FontName:MinionPro-Regular
FamilyName:Minion Pro
StyleName:Regular
MenuName:Minion Pro
StyleBits:0
WeightClass:400
WidthClass:5
AngleClass:0
FullName:Minion Pro
WritingScript:Roman
OutlineFileName:/Users/kimji/Downloads/Home Folder/Document fonts/MinionPro-Regular.otf
DataFormat:sfntData
UsesStandardEncoding:yes
isCFF:yes
hasSVG:no
VariableFontType:NonVariableFont
FileLength:218640
FileModTime:636735682
DesignSize:110
NameArray:0,Mac,4,Minion Pro
NameArray:0,Win,1,Minion Pro
%EndFont

%BeginFont
Handler:DirectoryHandler
FontType:CID
FontName:NotoSerifKR-Bold
FamilyName:Noto Serif KR
StyleName:Bold
MenuName:Noto Serif KR
StyleBits:2
WeightClass:700
WidthClass:5
AngleClass:0
FullName:Noto Serif KR Bold
FamilyNameNative:
StyleNameNative:Bold
FullNameNative:
WritingScript:Korean
OutlineFileName:/Users/kimji/Downloads/Home Folder/Document fonts/NotoSerifKR-Bold.otf
DataFormat:sfntData
isCFF:yes
hasSVG:no
VariableFontType:NonVariableFont
FileLength:7705380
FileModTime:556606968
NameArray:0,Win,1,Noto Serif KR
%EndFont

%BeginFont
Handler:DirectoryHandler
FontType:CID
FontName:NotoSerifKR-Regular
FamilyName:Noto Serif KR
StyleName:Regular
MenuName:Noto Serif KR
StyleBits:0
WeightClass:400
WidthClass:5
AngleClass:0
FullName:Noto Serif KR
FamilyNameNative:
StyleNameNative:Regular
FullNameNative:
WritingScript:Korean
OutlineFileName:/Users/kimji/Downloads/Home Folder/Document fonts/NotoSerifKR-Regular.otf
DataFormat:sfntData
isCFF:yes
hasSVG:no
VariableFontType:NonVariableFont
FileLength:7437596
FileModTime:556606968
NameArray:0,Win,1,Noto Serif KR
%EndFont

%BeginFont
Handler:DirectoryHandler
FontType:CID
FontName:NotoSerifKR-SemiBold
FamilyName:Noto Serif KR
StyleName:SemiBold
MenuName:Noto Serif KR SemiBold
StyleBits:0
WeightClass:600
WidthClass:5
AngleClass:0
FullName:Noto Serif KR SemiBold
FamilyNameNative:
StyleNameNative:SemiBold
FullNameNative:
WritingScript:Korean
OutlineFileName:/Users/kimji/Downloads/Home Folder/Document fonts/NotoSerifKR-SemiBold.otf
DataFormat:sfntData
isCFF:yes
hasSVG:no
VariableFontType:NonVariableFont
FileLength:7399316
FileModTime:556606968
NameArray:0,Win,1,Noto Serif KR SemiBold
NameArray:0,Win,16,Noto Serif KR
%EndFont

%BeginFont
Handler:DirectoryHandler
FontType:TrueType
FontName:Quicksand-Light
FamilyName:Quicksand
StyleName:Light
MenuName:Quicksand Light
StyleBits:0
WeightClass:300
WidthClass:5
AngleClass:0
FullName:Quicksand Light
WritingScript:Roman
OutlineFileName:/Users/kimji/Downloads/Home Folder/Document fonts/Quicksand-Light.ttf
DataFormat:sfntData
hasSVG:no
VariableFontType:NonVariableFont
FileLength:78384
FileModTime:340642800
NameArray:0,Win,1,Quicksand Light
NameArray:0,Win,16,Quicksand
%EndFont

%BeginFont
Handler:DirectoryHandler
FontType:TrueType
FontName:Quicksand-Regular
FamilyName:Quicksand
StyleName:Regular
MenuName:Quicksand
StyleBits:0
WeightClass:400
WidthClass:5
AngleClass:0
FullName:Quicksand Regular
WritingScript:Roman
OutlineFileName:/Users/kimji/Downloads/Home Folder/Document fonts/Quicksand-Regular.ttf
DataFormat:sfntData
hasSVG:no
VariableFontType:NonVariableFont
FileLength:78628
FileModTime:340642800
NameArray:0,Win,1,Quicksand
%EndFont

